2022-10-04T14:54:04.677Z [Access log] info: undefined
2022-10-04T14:56:14.880Z [Access log] info: undefined
2022-10-04T14:57:47.318Z [Access log] info: undefined
2022-10-04T14:58:38.482Z [Access log] info: /api/restaurants/
2022-10-04T15:00:11.552Z [Access log] info: /api/restaurants/
2022-10-04T15:01:13.809Z [Access log] info: /api/restaurants/
2022-10-04T15:10:31.692Z [Access log] info: /api/restaurants/
2022-10-04T15:11:05.914Z [Access log] info: /api/restaurants/
2022-10-06T04:59:11.443Z [Access log] info: /api/restaurants/
2022-10-07T02:09:46.387Z [Access log] info: /api/users
2022-10-07T02:10:11.670Z [Access log] info: /api/users
2022-10-07T02:10:12.920Z [Access log] info: /api/users
2022-10-07T02:10:51.206Z [Access log] info: /api/users
2022-10-07T02:11:03.024Z [Access log] info: /api/users
2022-10-07T02:17:45.054Z [Access log] info: /api/auth/login
2022-10-07T02:18:00.341Z [Access log] info: /api/restaurants
2022-10-07T02:18:00.561Z [Access log] info: /api/restaurants
2022-10-07T02:20:39.758Z [Access log] info: /api/restaurants
2022-10-07T02:20:40.071Z [Access log] info: /api/restaurants
2022-10-07T02:24:37.166Z [Access log] info: /api/restaurants
2022-10-07T02:26:16.196Z [Access log] info: /api/restaurants
2022-10-07T02:26:16.559Z [Access log] info: /api/restaurants
2022-10-07T02:36:35.102Z [Access log] info: /api/restaurants
2022-10-07T02:36:35.308Z [Access log] info: /api/restaurants
2022-10-07T02:54:40.679Z [Access log] info: /api/users/632c834c2ea0d5829a9aed99/cart
2022-10-07T02:55:11.919Z [Access log] info: /api/users/632c834c2ea0d5829a9aed99/cart
2022-10-07T03:00:59.280Z [Access log] info: /api/restaurants
2022-10-07T03:00:59.487Z [Access log] info: /api/restaurants
2022-10-07T03:05:26.166Z [Access log] info: /api/restaurants
2022-10-07T03:06:20.168Z [Access log] info: /api/restaurants
2022-10-07T03:09:25.594Z [Access log] info: /api/restaurants
2022-10-07T03:09:25.804Z [Access log] info: /api/restaurants
2022-10-07T03:18:19.744Z [Access log] info: /api/auth/login
2022-10-07T03:18:43.438Z [Access log] info: /api/users/6334d4646a0aa340538f99d2/cart
2022-10-07T03:20:58.016Z [Access log] info: /api/users/6334d4646a0aa340538f99d2/cart
2022-10-07T03:21:23.574Z [Access log] info: /api/users/6334d4646a0aa340538f99d2/cart
2022-10-07T03:21:55.601Z [Access log] info: /api/users/6334d4646a0aa340538f99d2/cart
2022-10-07T03:44:10.068Z [Access log] info: /api/users/cart
2022-10-07T03:44:24.892Z [Access log] info: /api/users/cart
2022-10-07T03:45:29.978Z [Access log] info: /api/users/cart
2022-10-07T03:46:34.690Z [Access log] info: /api/restaurants
2022-10-07T03:46:34.880Z [Access log] info: /api/restaurants
2022-10-07T03:46:37.708Z [Access log] info: /api/users/cart
2022-10-07T03:47:19.457Z [Access log] info: /api/users/cart
2022-10-07T03:48:24.128Z [Access log] info: /api/restaurants
2022-10-07T03:48:24.367Z [Access log] info: /api/restaurants
2022-10-07T03:48:29.138Z [Access log] info: /api/users/cart
2022-10-07T03:49:39.346Z [Access log] info: /api/users/cart
2022-10-07T04:04:33.144Z [Access log] info: /api/auth/login
2022-10-07T04:04:36.655Z [Access log] info: /api/restaurants
2022-10-07T04:04:36.864Z [Access log] info: /api/restaurants
2022-10-07T04:05:40.328Z [Access log] info: /api/restaurants
2022-10-07T04:05:40.837Z [Access log] info: /api/restaurants
2022-10-07T04:06:44.738Z [Access log] info: /api/restaurants
2022-10-07T04:06:44.993Z [Access log] info: /api/restaurants
2022-10-07T04:06:57.030Z [Access log] info: /api/restaurants
2022-10-07T04:06:57.490Z [Access log] info: /api/restaurants
2022-10-07T04:07:29.720Z [Access log] info: /api/restaurants
2022-10-07T04:07:31.040Z [Access log] info: /api/restaurants
2022-10-07T04:07:35.920Z [Access log] info: /api/users/633f8ab7d67cb6ee2a586ec8/cart
2022-10-07T04:09:33.212Z [Access log] info: /api/users/633f8ab7d67cb6ee2a586ec8/cart
2022-10-07T04:12:14.681Z [Access log] info: /api/users/633f8ab7d67cb6ee2a586ec8/cart
2022-10-08T05:09:09.216Z [Access log] info: /api/restaurants
2022-10-08T05:09:09.481Z [Access log] info: /api/restaurants
2022-10-08T05:10:28.150Z [Access log] info: /api/restaurants
2022-10-08T05:10:28.155Z [Access log] info: /api/restaurants
2022-10-08T05:10:42.396Z [Access log] info: /api/restaurants
2022-10-08T05:10:42.401Z [Access log] info: /api/restaurants
2022-10-08T05:11:00.024Z [Access log] info: /api/restaurants
2022-10-08T05:11:00.386Z [Access log] info: /api/restaurants/63410664a64a7834eb22467b
2022-10-08T05:11:00.395Z [Access log] info: /api/restaurants/63410664a64a7834eb22467b
2022-10-08T05:12:03.085Z [Access log] info: /api/restaurants/63410664a64a7834eb22467b
2022-10-08T05:12:11.292Z [Access log] info: /api/restaurants
2022-10-08T05:12:11.299Z [Access log] info: /api/restaurants
2022-10-08T05:12:24.575Z [Access log] info: /api/restaurants
2022-10-08T05:12:25.161Z [Access log] info: /api/restaurants/634106b8a64a7834eb2246a8
2022-10-08T05:12:25.169Z [Access log] info: /api/restaurants/634106b8a64a7834eb2246a8
2022-10-08T05:14:12.119Z [Access log] info: /api/restaurants
2022-10-08T05:14:12.128Z [Access log] info: /api/restaurants
2022-10-08T05:14:26.659Z [Access log] info: /api/restaurants
2022-10-08T05:14:27.123Z [Access log] info: /api/restaurants/63410732a64a7834eb2246d2
2022-10-08T05:14:27.129Z [Access log] info: /api/restaurants/63410732a64a7834eb2246d2
2022-10-08T05:15:10.870Z [Access log] info: /api/restaurants
2022-10-08T05:15:10.900Z [Access log] info: /api/restaurants
2022-10-08T05:16:28.926Z [Access log] info: /api/restaurants
2022-10-08T05:16:29.438Z [Access log] info: /api/restaurants/634107aca64a7834eb2246fc
2022-10-08T05:16:29.444Z [Access log] info: /api/restaurants/634107aca64a7834eb2246fc
2022-10-08T05:17:33.521Z [Access log] info: /api/restaurants
2022-10-08T05:17:33.527Z [Access log] info: /api/restaurants
2022-10-08T05:17:56.393Z [Access log] info: /api/restaurants
2022-10-08T05:17:56.796Z [Access log] info: /api/restaurants/63410804a64a7834eb224724
2022-10-08T05:17:56.801Z [Access log] info: /api/restaurants/63410804a64a7834eb224724
2022-10-08T05:18:57.286Z [Access log] info: /api/restaurants
2022-10-08T05:18:57.290Z [Access log] info: /api/restaurants
2022-10-08T05:21:13.185Z [Access log] info: /api/restaurants
2022-10-08T05:21:13.486Z [Access log] info: /api/restaurants/634108c9a64a7834eb22474c
2022-10-08T05:21:13.489Z [Access log] info: /api/restaurants/634108c9a64a7834eb22474c
2022-10-08T05:43:32.922Z [Access log] info: /api/restaurants
2022-10-08T05:43:32.952Z [Access log] info: /api/restaurants
2022-10-08T05:44:06.660Z [Access log] info: /api/restaurants
2022-10-08T05:44:06.984Z [Access log] info: /api/restaurants/63410e26bd8e348483a47ef9
2022-10-08T05:44:06.993Z [Access log] info: /api/restaurants/63410e26bd8e348483a47ef9
2022-10-08T05:50:17.577Z [Access log] info: /api/restaurants
2022-10-08T05:50:17.586Z [Access log] info: /api/restaurants
2022-10-08T05:51:02.881Z [Access log] info: /api/restaurants
2022-10-08T05:51:03.218Z [Access log] info: /api/restaurants/63410fc6b5a8dd09dbe49d87
2022-10-08T05:51:03.227Z [Access log] info: /api/restaurants/63410fc6b5a8dd09dbe49d87
2022-10-08T06:00:07.909Z [Access log] info: /api/restaurants
2022-10-08T06:00:07.911Z [Access log] info: /api/restaurants
2022-10-08T06:00:33.560Z [Access log] info: /api/restaurants
2022-10-08T06:00:33.833Z [Access log] info: /api/restaurants/63411201b5a8dd09dbe49daf
2022-10-08T06:00:33.839Z [Access log] info: /api/restaurants/63411201b5a8dd09dbe49daf
2022-10-08T06:04:58.282Z [Access log] info: /api/restaurants
2022-10-08T06:04:58.284Z [Access log] info: /api/restaurants
2022-10-08T06:05:19.498Z [Access log] info: /api/restaurants
2022-10-08T06:05:19.860Z [Access log] info: /api/restaurants/6341131fb5a8dd09dbe49dd7
2022-10-08T06:05:19.866Z [Access log] info: /api/restaurants/6341131fb5a8dd09dbe49dd7
2022-10-08T06:08:15.387Z [Access log] info: /api/restaurants
2022-10-08T06:08:15.390Z [Access log] info: /api/restaurants
2022-10-08T06:08:33.136Z [Access log] info: /api/restaurants
2022-10-08T06:08:34.437Z [Access log] info: /api/restaurants/634113e1b5a8dd09dbe49dff
2022-10-08T06:08:34.442Z [Access log] info: /api/restaurants/634113e1b5a8dd09dbe49dff
2022-10-08T06:14:09.539Z [Access log] info: /api/restaurants
2022-10-08T06:14:09.545Z [Access log] info: /api/restaurants
2022-10-08T06:34:21.119Z [Access log] info: /api/restaurants
2022-10-08T06:34:21.171Z [Access log] info: /api/restaurants
2022-10-08T06:34:59.239Z [Access log] info: /api/restaurants
2022-10-08T06:34:59.248Z [Access log] info: /api/restaurants
2022-10-08T06:35:04.641Z [Access log] info: /api/restaurants
2022-10-08T06:35:04.644Z [Access log] info: /api/restaurants
2022-10-08T06:35:26.166Z [Access log] info: /api/restaurants
2022-10-08T06:35:26.555Z [Access log] info: /api/restaurants/63411a2e1ff7425335ac01bb
2022-10-08T06:35:26.561Z [Access log] info: /api/restaurants/63411a2e1ff7425335ac01bb
2022-10-08T07:22:51.193Z [Access log] info: /api/restaurants
2022-10-08T07:22:51.224Z [Access log] info: /api/restaurants
2022-10-08T07:23:15.948Z [Access log] info: /api/restaurants
2022-10-08T07:23:16.616Z [Access log] info: /api/restaurants/63412563571243cb7059929c
2022-10-08T07:23:16.626Z [Access log] info: /api/restaurants/63412563571243cb7059929c
2022-10-08T07:37:55.522Z [Access log] info: /api/restaurants
2022-10-08T07:37:55.547Z [Access log] info: /api/restaurants
2022-10-08T07:43:17.396Z [Access log] info: /api/restaurants
2022-10-08T07:43:17.426Z [Access log] info: /api/restaurants
2022-10-08T07:43:36.827Z [Access log] info: /api/restaurants
2022-10-08T07:43:36.834Z [Access log] info: /api/restaurants
2022-10-08T07:44:02.756Z [Access log] info: /api/restaurants
2022-10-08T07:44:03.215Z [Access log] info: /api/restaurants/63412a427aacc681398ae97c
2022-10-08T07:44:03.219Z [Access log] info: /api/restaurants/63412a427aacc681398ae97c
2022-10-08T12:11:13.420Z [Access log] info: /api/restaurants
2022-10-08T12:11:13.482Z [Access log] info: /api/restaurants
2022-10-08T12:13:27.846Z [Access log] info: /api/restaurants
2022-10-08T12:13:27.856Z [Access log] info: /api/restaurants
2022-10-08T12:13:39.820Z [Access log] info: /api/restaurants
2022-10-08T12:13:39.829Z [Access log] info: /api/restaurants
2022-10-08T12:13:53.966Z [Access log] info: /api/restaurants
2022-10-08T12:13:54.359Z [Access log] info: /api/restaurants/634169815c37a39127ecd3ee
2022-10-08T12:13:54.364Z [Access log] info: /api/restaurants/634169815c37a39127ecd3ee
2022-10-08T12:18:47.004Z [Access log] info: /api/restaurants
2022-10-08T12:18:47.149Z [Access log] info: /api/restaurants
2022-10-08T12:19:07.080Z [Access log] info: /api/restaurants
2022-10-08T12:19:07.312Z [Access log] info: /api/restaurants/63416abb5c37a39127ecd419
2022-10-08T12:19:07.429Z [Access log] info: /api/restaurants/63416abb5c37a39127ecd419
2022-10-08T12:44:53.118Z [Access log] info: /api/restaurants
2022-10-08T12:44:53.504Z [Access log] info: /api/restaurants
2022-10-08T12:45:08.804Z [Access log] info: /api/restaurants
2022-10-08T12:45:08.960Z [Access log] info: /api/restaurants/634170d45c37a39127ecd441
2022-10-08T12:45:09.081Z [Access log] info: /api/restaurants/634170d45c37a39127ecd441
2022-10-08T12:46:56.582Z [Access log] info: /api/restaurants
2022-10-08T12:46:56.706Z [Access log] info: /api/restaurants
2022-10-08T12:47:22.977Z [Access log] info: /api/restaurants
2022-10-08T12:47:23.927Z [Access log] info: /api/restaurants/6341715a5c37a39127ecd469
2022-10-08T12:47:23.934Z [Access log] info: /api/restaurants/6341715a5c37a39127ecd469
2022-10-08T12:51:09.231Z [Access log] info: /api/restaurants
2022-10-08T12:51:09.303Z [Access log] info: /api/restaurants
2022-10-08T12:51:36.456Z [Access log] info: /api/restaurants
2022-10-08T12:51:36.953Z [Access log] info: /api/restaurants/634172585c37a39127ecd491
2022-10-08T12:51:36.957Z [Access log] info: /api/restaurants/634172585c37a39127ecd491
2022-10-08T12:55:28.652Z [Access log] info: /api/restaurants
2022-10-08T12:55:28.783Z [Access log] info: /api/restaurants
2022-10-08T12:57:05.404Z [Access log] info: /api/restaurants
2022-10-08T12:57:05.745Z [Access log] info: /api/restaurants/634173a199632154126cbfbd
2022-10-08T12:57:05.752Z [Access log] info: /api/restaurants/634173a199632154126cbfbd
2022-10-08T12:59:27.028Z [Access log] info: /api/restaurants
2022-10-08T12:59:27.034Z [Access log] info: /api/restaurants
2022-10-08T13:03:43.879Z [Access log] info: /api/restaurants
2022-10-08T13:03:43.897Z [Access log] info: /api/restaurants
2022-10-08T13:04:05.575Z [Access log] info: /api/restaurants
2022-10-08T13:04:05.847Z [Access log] info: /api/restaurants/6341754599632154126cc007
2022-10-08T13:04:05.856Z [Access log] info: /api/restaurants/6341754599632154126cc007
2022-10-08T13:06:10.067Z [Access log] info: /api/restaurants
2022-10-08T13:06:10.210Z [Access log] info: /api/restaurants
2022-10-08T13:06:26.413Z [Access log] info: /api/restaurants
2022-10-08T13:06:26.573Z [Access log] info: /api/restaurants/634175d299632154126cc032
2022-10-08T13:06:26.683Z [Access log] info: /api/restaurants/634175d299632154126cc032
2022-10-08T13:18:37.440Z [Access log] info: /api/restaurants
2022-10-08T13:18:37.454Z [Access log] info: /api/restaurants
2022-10-08T13:18:59.502Z [Access log] info: /api/restaurants
2022-10-08T13:18:59.664Z [Access log] info: /api/restaurants/634178c399632154126cc05a
2022-10-08T13:18:59.669Z [Access log] info: /api/restaurants/634178c399632154126cc05a
2022-10-08T13:20:48.208Z [Access log] info: /api/restaurants
2022-10-08T13:20:48.356Z [Access log] info: /api/restaurants
2022-10-08T13:21:08.497Z [Access log] info: /api/restaurants
2022-10-08T13:21:08.668Z [Access log] info: /api/restaurants/6341794499632154126cc085
2022-10-08T13:21:08.672Z [Access log] info: /api/restaurants/6341794499632154126cc085
2022-10-08T13:32:35.352Z [Access log] info: /api/restaurants
2022-10-08T13:32:35.374Z [Access log] info: /api/restaurants
2022-10-08T13:32:51.885Z [Access log] info: /api/restaurants
2022-10-08T13:32:53.199Z [Access log] info: /api/restaurants/63417c0399632154126cc0ad
2022-10-08T13:32:53.203Z [Access log] info: /api/restaurants/63417c0399632154126cc0ad
2022-10-08T13:33:10.340Z [Access log] info: /api/restaurants
2022-10-08T13:33:10.343Z [Access log] info: /api/restaurants
2022-10-08T13:33:30.141Z [Access log] info: /api/restaurants
2022-10-08T13:33:30.301Z [Access log] info: /api/restaurants/63417c2a99632154126cc0d5
2022-10-08T13:33:30.308Z [Access log] info: /api/restaurants/63417c2a99632154126cc0d5
2022-10-08T13:34:57.628Z [Access log] info: /api/restaurants
2022-10-08T13:34:57.638Z [Access log] info: /api/restaurants
2022-10-08T13:35:16.702Z [Access log] info: /api/restaurants
2022-10-08T13:35:16.888Z [Access log] info: /api/restaurants/63417c9499632154126cc0fd
2022-10-08T13:35:16.902Z [Access log] info: /api/restaurants/63417c9499632154126cc0fd
2022-10-08T13:36:39.460Z [Access log] info: /api/restaurants
2022-10-08T13:36:39.463Z [Access log] info: /api/restaurants
2022-10-08T13:37:25.971Z [Access log] info: /api/restaurants
2022-10-08T13:37:26.318Z [Access log] info: /api/restaurants/63417d1599632154126cc125
2022-10-08T13:37:26.321Z [Access log] info: /api/restaurants/63417d1599632154126cc125
2022-10-08T13:47:24.634Z [Access log] info: /api/restaurants
2022-10-08T13:47:24.638Z [Access log] info: /api/restaurants
2022-10-08T13:48:00.194Z [Access log] info: /api/restaurants
2022-10-08T13:48:00.509Z [Access log] info: /api/restaurants/63417f9099632154126cc14d
2022-10-08T13:48:00.513Z [Access log] info: /api/restaurants/63417f9099632154126cc14d
2022-10-08T13:48:17.137Z [Access log] info: /api/restaurants
2022-10-08T13:48:17.473Z [Access log] info: /api/restaurants/63417fa199632154126cc153
2022-10-08T13:51:13.151Z [Access log] info: /api/restaurants/63417f9099632154126cc14d
2022-10-08T13:53:06.249Z [Access log] info: /api/restaurants
2022-10-08T13:53:06.252Z [Access log] info: /api/restaurants
2022-10-08T13:53:42.097Z [Access log] info: /api/restaurants
2022-10-08T13:53:42.421Z [Access log] info: /api/restaurants/634180e699632154126cc177
2022-10-08T13:53:42.423Z [Access log] info: /api/restaurants/634180e699632154126cc177
2022-10-08T13:55:10.211Z [Access log] info: /api/restaurants
2022-10-08T13:55:10.215Z [Access log] info: /api/restaurants
2022-10-08T13:55:26.977Z [Access log] info: /api/restaurants
2022-10-08T13:55:27.318Z [Access log] info: /api/restaurants/6341814e99632154126cc19b
2022-10-08T13:55:27.321Z [Access log] info: /api/restaurants/6341814e99632154126cc19b
2022-10-08T13:58:53.437Z [Access log] info: /api/restaurants
2022-10-08T13:58:53.443Z [Access log] info: /api/restaurants
2022-10-08T13:59:13.033Z [Access log] info: /api/restaurants
2022-10-08T13:59:13.411Z [Access log] info: /api/restaurants/6341823199632154126cc1bf
2022-10-08T13:59:13.414Z [Access log] info: /api/restaurants/6341823199632154126cc1bf
2022-10-08T14:02:57.484Z [Access log] info: /api/restaurants
2022-10-08T14:02:57.489Z [Access log] info: /api/restaurants
2022-10-08T14:03:22.344Z [Access log] info: /api/restaurants
2022-10-08T14:03:22.533Z [Access log] info: /api/restaurants/6341832a99632154126cc1e3
2022-10-08T14:03:22.536Z [Access log] info: /api/restaurants/6341832a99632154126cc1e3
2022-10-08T14:03:41.245Z [Access log] info: /api/restaurants
2022-10-08T14:03:41.263Z [Access log] info: /api/restaurants
2022-10-08T14:04:01.398Z [Access log] info: /api/restaurants
2022-10-08T14:04:01.623Z [Access log] info: /api/restaurants/6341835199632154126cc207
2022-10-08T14:04:01.647Z [Access log] info: /api/restaurants/6341835199632154126cc207
2022-10-08T14:18:01.021Z [Access log] info: /api/restaurants
2022-10-08T14:18:01.025Z [Access log] info: /api/restaurants
2022-10-08T14:18:22.890Z [Access log] info: /api/restaurants
2022-10-08T14:18:23.451Z [Access log] info: /api/restaurants/634186ae99632154126cc22b
2022-10-08T14:18:23.457Z [Access log] info: /api/restaurants/634186ae99632154126cc22b
2022-10-08T14:19:04.880Z [Access log] info: /api/restaurants
2022-10-08T14:19:04.885Z [Access log] info: /api/restaurants
2022-10-08T14:19:18.285Z [Access log] info: /api/restaurants
2022-10-08T14:19:18.549Z [Access log] info: /api/restaurants/634186e699632154126cc24f
2022-10-08T14:19:18.552Z [Access log] info: /api/restaurants/634186e699632154126cc24f
2022-10-08T14:27:09.741Z [Access log] info: /api/restaurants
2022-10-08T14:27:09.747Z [Access log] info: /api/restaurants
2022-10-08T14:35:38.139Z [Access log] info: /api/restaurants
2022-10-08T14:35:38.142Z [Access log] info: /api/restaurants
2022-10-08T14:35:46.739Z [Access log] info: /api/restaurants
2022-10-08T14:35:46.761Z [Access log] info: /api/restaurants
2022-10-08T14:36:07.049Z [Access log] info: /api/restaurants
2022-10-08T14:36:07.282Z [Access log] info: /api/restaurants/63418ad799632154126cc2b2
2022-10-08T14:36:07.288Z [Access log] info: /api/restaurants/63418ad799632154126cc2b2
2022-10-08T14:40:52.215Z [Access log] info: /api/restaurants
2022-10-08T14:40:52.218Z [Access log] info: /api/restaurants
2022-10-08T14:41:17.870Z [Access log] info: /api/restaurants
2022-10-08T14:41:18.096Z [Access log] info: /api/restaurants/63418c0d99632154126cc2d6
2022-10-08T14:41:18.100Z [Access log] info: /api/restaurants/63418c0d99632154126cc2d6
2022-10-08T14:55:36.458Z [Access log] info: /api/restaurants
2022-10-08T14:55:36.566Z [Access log] info: /api/restaurants
2022-10-08T14:56:04.891Z [Access log] info: /api/restaurants
2022-10-08T14:56:05.317Z [Access log] info: /api/restaurants/63418f8499632154126cc2fd
2022-10-08T14:56:05.319Z [Access log] info: /api/restaurants/63418f8499632154126cc2fd
2022-10-08T14:59:08.431Z [Access log] info: /api/restaurants
2022-10-08T14:59:08.434Z [Access log] info: /api/restaurants
2022-10-08T14:59:23.695Z [Access log] info: /api/restaurants
2022-10-08T14:59:23.931Z [Access log] info: /api/restaurants/6341904b99632154126cc321
2022-10-08T14:59:23.937Z [Access log] info: /api/restaurants/6341904b99632154126cc321
2022-10-08T15:00:37.404Z [Access log] info: /api/restaurants
2022-10-08T15:00:37.406Z [Access log] info: /api/restaurants
2022-10-08T15:01:05.190Z [Access log] info: /api/restaurants
2022-10-08T15:01:05.847Z [Access log] info: /api/restaurants/634190b199632154126cc345
2022-10-08T15:01:05.852Z [Access log] info: /api/restaurants/634190b199632154126cc345
2022-10-08T15:03:42.338Z [Access log] info: /api/restaurants
2022-10-08T15:03:42.341Z [Access log] info: /api/restaurants
2022-10-08T15:04:15.649Z [Access log] info: /api/restaurants
2022-10-08T15:04:16.256Z [Access log] info: /api/restaurants/6341916f99632154126cc369
2022-10-08T15:04:16.261Z [Access log] info: /api/restaurants/6341916f99632154126cc369
2022-10-08T15:14:11.580Z [Access log] info: /api/restaurants
2022-10-08T15:14:11.680Z [Access log] info: /api/restaurants
2022-10-08T15:14:43.188Z [Access log] info: /api/restaurants
2022-10-08T15:14:43.367Z [Access log] info: /api/restaurants/634193e399632154126cc390
2022-10-08T15:14:43.464Z [Access log] info: /api/restaurants/634193e399632154126cc390
2022-10-08T15:23:24.576Z [Access log] info: /api/restaurants
2022-10-08T15:23:24.585Z [Access log] info: /api/restaurants
2022-10-08T15:24:01.843Z [Access log] info: /api/restaurants
2022-10-08T15:24:02.156Z [Access log] info: /api/restaurants/6341961199632154126cc3b4
2022-10-08T15:24:02.163Z [Access log] info: /api/restaurants/6341961199632154126cc3b4
2022-10-08T15:26:02.490Z [Access log] info: /api/restaurants
2022-10-08T15:26:02.498Z [Access log] info: /api/restaurants
2022-10-08T15:26:18.776Z [Access log] info: /api/restaurants
2022-10-08T15:26:19.140Z [Access log] info: /api/restaurants/6341969a99632154126cc3d8
2022-10-08T15:26:19.144Z [Access log] info: /api/restaurants/6341969a99632154126cc3d8
2022-10-08T15:28:29.010Z [Access log] info: /api/restaurants
2022-10-08T15:28:29.013Z [Access log] info: /api/restaurants
2022-10-08T15:28:48.422Z [Access log] info: /api/restaurants
2022-10-08T15:28:49.740Z [Access log] info: /api/restaurants/6341973099632154126cc3fc
2022-10-08T15:28:49.744Z [Access log] info: /api/restaurants/6341973099632154126cc3fc
2022-10-08T15:30:30.518Z [Access log] info: /api/auth/login
2022-10-08T15:31:04.731Z [Access log] info: /api/restaurants
2022-10-08T15:31:04.838Z [Access log] info: /api/restaurants
2022-10-08T15:31:31.055Z [Access log] info: /api/restaurants
2022-10-08T15:33:54.281Z [Access log] info: /api/restaurants
2022-10-08T15:33:54.284Z [Access log] info: /api/restaurants
2022-10-08T15:33:59.699Z [Access log] info: /api/restaurants
2022-10-08T15:33:59.707Z [Access log] info: /api/restaurants
2022-10-08T15:34:35.276Z [Access log] info: /api/restaurants
2022-10-08T15:35:14.534Z [Access log] info: /api/restaurants
2022-10-08T15:35:14.543Z [Access log] info: /api/restaurants
2022-10-08T15:35:44.281Z [Access log] info: /api/restaurants
2022-10-08T15:35:45.111Z [Access log] info: /api/restaurants/634198d099632154126cc487
2022-10-08T15:35:45.116Z [Access log] info: /api/restaurants/634198d099632154126cc487
2022-10-08T15:38:20.596Z [Access log] info: /api/restaurants/634198d099632154126cc487
2022-10-08T15:38:20.598Z [Access log] info: /api/restaurants/634198d099632154126cc487
2022-10-08T15:47:54.885Z [Access log] info: /api/restaurants
2022-10-08T15:47:55.122Z [Access log] info: /api/restaurants
2022-10-08T16:55:39.378Z [Access log] info: /api/restaurants
2022-10-08T16:55:39.529Z [Access log] info: /api/restaurants
2022-10-08T16:56:28.644Z [Access log] info: /api/auth/login
2022-10-08T16:56:30.999Z [Access log] info: /api/restaurants
2022-10-08T16:56:31.118Z [Access log] info: /api/restaurants
2022-10-08T16:57:50.663Z [Access log] info: /api/auth/login
2022-10-08T16:57:50.967Z [Access log] info: /api/restaurants
2022-10-08T16:57:51.083Z [Access log] info: /api/restaurants
2022-10-08T16:59:44.138Z [Access log] info: /api/auth/login
2022-10-08T17:00:23.408Z [Access log] info: /api/auth/login
2022-10-08T17:06:33.218Z [Access log] info: /api/auth/login
2022-10-08T17:06:42.100Z [Access log] info: /api/auth/login
2022-10-08T17:07:42.050Z [Access log] info: /api/auth/login
2022-10-08T17:10:47.427Z [Access log] info: /api/auth/login
2022-10-08T17:11:18.474Z [Access log] info: /api/auth/login
2022-10-08T17:11:27.151Z [Access log] info: /api/auth/login
2022-10-08T17:16:44.447Z [Access log] info: /api/auth/login
2022-10-08T17:19:40.952Z [Access log] info: /api/auth/login
2022-10-08T17:22:50.781Z [Access log] info: /api/auth/login
2022-10-08T17:23:06.063Z [Access log] info: /api/restaurants
2022-10-08T17:23:06.067Z [Access log] info: /api/restaurants
2022-10-08T17:23:57.721Z [Access log] info: /api/users
2022-10-08T17:23:57.735Z [Access log] info: /api/users
2022-10-08T17:34:24.727Z [Access log] info: /api/auth/login
2022-10-08T17:42:20.690Z [Access log] info: /api/auth/login
2022-10-08T17:43:01.693Z [Access log] info: /api/auth/login
2022-10-08T17:43:02.695Z [Access log] info: /api/restaurants
2022-10-08T17:43:02.703Z [Access log] info: /api/restaurants
2022-10-08T17:44:27.260Z [Access log] info: /api/restaurants
2022-10-08T17:49:23.635Z [Access log] info: /api/users/6339bdce6d3cb511d53421b1
2022-10-08T17:49:23.643Z [Access log] info: /api/users/6339bdce6d3cb511d53421b1
2022-10-08T17:49:46.608Z [Access log] info: /api/users/6339bdce6d3cb511d53421b1
2022-10-08T17:49:46.615Z [Access log] info: /api/users/6339bdce6d3cb511d53421b1
2022-10-08T17:50:10.059Z [Access log] info: /api/users/6339bdce6d3cb511d53421b1
2022-10-08T17:50:10.064Z [Access log] info: /api/users/6339bdce6d3cb511d53421b1
2022-10-08T17:50:14.127Z [Access log] info: /api/users/6339bdce6d3cb511d53421b1
2022-10-08T17:50:14.135Z [Access log] info: /api/users/6339bdce6d3cb511d53421b1
2022-10-08T17:50:27.339Z [Access log] info: /api/users/6339bdce6d3cb511d53421b1
2022-10-08T17:50:27.356Z [Access log] info: /api/users/6339bdce6d3cb511d53421b1
2022-10-08T17:50:45.859Z [Access log] info: /api/users/6339bdce6d3cb511d53421b1
2022-10-08T17:50:45.868Z [Access log] info: /api/users/6339bdce6d3cb511d53421b1
2022-10-08T17:51:09.421Z [Access log] info: /api/users/6339bdce6d3cb511d53421b1
2022-10-08T17:51:09.434Z [Access log] info: /api/users/6339bdce6d3cb511d53421b1
2022-10-08T17:51:31.842Z [Access log] info: /api/users/6339bdce6d3cb511d53421b1
2022-10-08T17:51:31.845Z [Access log] info: /api/users/6339bdce6d3cb511d53421b1
2022-10-08T18:04:14.795Z [Access log] info: /api/auth/login
2022-10-08T18:05:35.730Z [Access log] info: /api/auth/login
2022-10-08T18:05:36.346Z [Access log] info: /api/restaurants
2022-10-08T18:05:36.353Z [Access log] info: /api/restaurants
2022-10-08T18:09:09.111Z [Access log] info: /api/auth/login
2022-10-08T18:09:09.389Z [Access log] info: /api/users/6339bdce6d3cb511d53421b1
2022-10-08T18:10:07.815Z [Access log] info: /api/users/63419ba199632154126cc48f
2022-10-08T18:10:09.036Z [Access log] info: /api/users/63419ba199632154126cc48f
2022-10-08T18:10:09.719Z [Access log] info: /api/restaurants
2022-10-08T18:10:09.735Z [Access log] info: /api/restaurants
2022-10-08T18:15:26.669Z [Access log] info: /api/users
2022-10-08T18:15:26.672Z [Access log] info: /api/users
2022-10-08T18:15:35.452Z [Access log] info: /api/users/6334d4646a0aa340538f99d2
2022-10-08T18:15:35.455Z [Access log] info: /api/users/6334d4646a0aa340538f99d2
2022-10-08T18:30:02.143Z [Access log] info: /api/auth/login
2022-10-08T18:30:02.810Z [Access log] info: /api/users/6339bdce6d3cb511d53421b1
2022-10-08T18:30:03.505Z [Access log] info: /api/restaurants
2022-10-08T18:30:03.509Z [Access log] info: /api/restaurants
2022-10-08T18:30:14.440Z [Access log] info: /api/restaurants
2022-10-08T18:30:14.442Z [Access log] info: /api/restaurants
2022-10-08T18:31:37.897Z [Access log] info: /api/restaurants
2022-10-08T18:32:05.040Z [Access log] info: /api/restaurants
2022-10-08T18:32:05.071Z [Access log] info: /api/restaurants
2022-10-08T18:32:08.191Z [Access log] info: /api/restaurants
2022-10-08T18:32:08.199Z [Access log] info: /api/restaurants
2022-10-08T18:32:19.300Z [Access log] info: /api/users
2022-10-08T18:32:19.303Z [Access log] info: /api/users
2022-10-08T18:32:28.317Z [Access log] info: /api/users
2022-10-08T18:32:28.346Z [Access log] info: /api/users
2022-10-08T18:32:42.285Z [Access log] info: /api/users/6334d4646a0aa340538f99d2
2022-10-08T18:32:42.287Z [Access log] info: /api/users/6334d4646a0aa340538f99d2
2022-10-08T18:32:48.130Z [Access log] info: /api/users
2022-10-08T18:32:48.134Z [Access log] info: /api/users
2022-10-08T18:35:39.253Z [Access log] info: /api/users
2022-10-08T18:35:39.258Z [Access log] info: /api/users
2022-10-08T18:36:19.099Z [Access log] info: /api/auth/login
2022-10-08T18:36:19.450Z [Access log] info: /api/users/6339bdce6d3cb511d53421b1
2022-10-08T18:43:10.472Z [Access log] info: /api/restaurants
2022-10-08T18:43:10.485Z [Access log] info: /api/restaurants
2022-10-08T18:44:04.612Z [Access log] info: /api/restaurants
2022-10-08T18:44:04.615Z [Access log] info: /api/restaurants
2022-10-08T19:06:36.590Z [Access log] info: /api/auth/login
2022-10-08T19:06:36.999Z [Access log] info: /api/users/6339bdce6d3cb511d53421b1
2022-10-08T19:08:33.013Z [Access log] info: /api/auth/login
2022-10-08T19:08:42.068Z [Access log] info: /api/auth/login
2022-10-08T19:08:42.328Z [Access log] info: /api/users/6339bdce6d3cb511d53421b1
2022-10-08T19:08:46.136Z [Access log] info: /api/restaurants
2022-10-08T19:08:46.141Z [Access log] info: /api/restaurants
2022-10-08T19:09:39.235Z [Access log] info: /api/auth/login
2022-10-08T19:09:39.703Z [Access log] info: /api/users/6339bdce6d3cb511d53421b1
2022-10-08T19:09:43.421Z [Access log] info: /api/restaurants
2022-10-08T19:09:43.427Z [Access log] info: /api/restaurants
2022-10-08T19:12:33.303Z [Access log] info: /api/restaurants
2022-10-08T19:12:33.306Z [Access log] info: /api/restaurants
2022-10-08T19:13:42.109Z [Access log] info: /api/restaurants
2022-10-08T19:13:42.116Z [Access log] info: /api/restaurants
2022-10-08T19:18:45.511Z [Access log] info: /api/restaurants
2022-10-08T19:18:45.934Z [Access log] info: /api/restaurants/6341cd1599632154126cc725
2022-10-08T19:18:45.943Z [Access log] info: /api/restaurants/6341cd1599632154126cc725
2022-10-08T19:20:48.852Z [Access log] info: /api/restaurants/6341cd1599632154126cc725
2022-10-08T19:20:48.934Z [Access log] info: /api/restaurants/6341cd1599632154126cc725
2022-10-08T19:21:14.933Z [Access log] info: /api/restaurants/6341cd1599632154126cc725
2022-10-08T19:21:54.946Z [Access log] info: /api/restaurants/6341cd1599632154126cc725
2022-10-08T19:21:54.949Z [Access log] info: /api/restaurants/6341cd1599632154126cc725
2022-10-08T19:22:09.763Z [Access log] info: /api/restaurants/6341cd1599632154126cc725
2022-10-08T19:22:21.772Z [Access log] info: /api/restaurants/6341cd1599632154126cc725
2022-10-08T19:25:56.482Z [Access log] info: /api/restaurants/6341cd1599632154126cc725
2022-10-08T19:27:40.951Z [Access log] info: /api/restaurants/6341cd1599632154126cc725
2022-10-08T19:33:27.411Z [Access log] info: /api/auth/login
2022-10-08T19:33:27.722Z [Access log] info: /api/users/6339bdce6d3cb511d53421b1
2022-10-08T19:33:41.615Z [Access log] info: /api/restaurants
2022-10-08T19:33:41.739Z [Access log] info: /api/restaurants
2022-10-08T19:33:46.493Z [Access log] info: /api/restaurants
2022-10-08T19:33:58.888Z [Access log] info: /api/restaurants
2022-10-08T19:34:11.687Z [Access log] info: /api/restaurants
2022-10-08T19:34:31.742Z [Access log] info: /api/restaurants
2022-10-08T19:35:17.427Z [Access log] info: /api/restaurants
2022-10-08T19:35:33.208Z [Access log] info: /api/restaurants
2022-10-08T19:35:42.948Z [Access log] info: /api/restaurants
2022-10-08T19:35:43.300Z [Access log] info: /api/restaurants/6341d10e99632154126cc765
2022-10-08T19:35:43.304Z [Access log] info: /api/restaurants/6341d10e99632154126cc765
2022-10-08T19:35:49.272Z [Access log] info: /api/restaurants/6341d10e99632154126cc765
2022-10-08T19:36:11.257Z [Access log] info: /api/restaurants/6341d10e99632154126cc765
2022-10-08T19:36:29.258Z [Access log] info: /api/restaurants/6341d10e99632154126cc765
2022-10-08T19:36:47.238Z [Access log] info: /api/restaurants/6341d10e99632154126cc765
2022-10-08T19:37:04.285Z [Access log] info: /api/restaurants/6341d10e99632154126cc765
2022-10-08T19:37:25.463Z [Access log] info: /api/restaurants/6341d10e99632154126cc765/foods
2022-10-08T19:41:24.813Z [Access log] info: /api/restaurants/6341d10e99632154126cc765/foods
2022-10-08T19:41:44.992Z [Access log] info: /api/restaurants/6341d10e99632154126cc765/foods
2022-10-08T19:41:52.473Z [Access log] info: /api/restaurants/6341d10e99632154126cc765/foods
2022-10-08T19:42:01.907Z [Access log] info: /api/restaurants/6341d10e99632154126cc765
2022-10-08T19:45:18.937Z [Access log] info: /api/restaurants/6341d10e99632154126cc765/foods/6341d28099632154126cc779
2022-10-08T19:45:28.573Z [Access log] info: /api/restaurants/6341d10e99632154126cc765/foods/6341d28099632154126cc779
2022-10-08T19:45:33.491Z [Access log] info: /api/restaurants/6341d10e99632154126cc765
2022-10-08T19:45:44.954Z [Access log] info: /api/restaurants/6341d10e99632154126cc765/foods/6341d35899632154126cc782
2022-10-08T19:46:02.639Z [Access log] info: /api/users
2022-10-08T19:46:02.642Z [Access log] info: /api/users
2022-10-08T19:50:18.414Z [Access log] info: /api/users
2022-10-08T19:50:18.423Z [Access log] info: /api/users
2022-10-08T19:50:43.332Z [Access log] info: /api/users
2022-10-08T19:50:44.097Z [Access log] info: /api/users/6341d49399632154126cc793
2022-10-08T19:50:44.101Z [Access log] info: /api/users/6341d49399632154126cc793
2022-10-08T19:52:18.804Z [Access log] info: /api/users/6341d49399632154126cc793
2022-10-08T19:52:18.926Z [Access log] info: /api/users/6341d49399632154126cc793
2022-10-08T19:52:18.979Z [Access log] info: /api/users/6341d49399632154126cc793
2022-10-08T19:52:54.110Z [Access log] info: /api/users/6341d49399632154126cc793
2022-10-08T19:53:02.850Z [Access log] info: /api/users/6341d49399632154126cc793
2022-10-08T19:53:10.774Z [Access log] info: /api/users/6341d49399632154126cc793
2022-10-08T19:53:10.779Z [Access log] info: /api/users/6341d49399632154126cc793
2022-10-08T19:53:19.673Z [Access log] info: /api/users/6341d49399632154126cc793
2022-10-08T19:53:24.930Z [Access log] info: /api/users/6341d49399632154126cc793
2022-10-08T19:53:29.842Z [Access log] info: /api/users/6341d49399632154126cc793
2022-10-08T19:53:35.486Z [Access log] info: /api/users/6341d49399632154126cc793
2022-10-08T19:53:50.371Z [Access log] info: /api/users/6341d49399632154126cc793
2022-10-08T19:53:56.041Z [Access log] info: /api/users
2022-10-08T19:53:56.067Z [Access log] info: /api/users
2022-10-08T19:55:07.409Z [Access log] info: /api/users
2022-10-08T19:55:41.364Z [Access log] info: /api/users
2022-10-08T19:56:19.917Z [Access log] info: /api/users
2022-10-08T19:56:27.188Z [Access log] info: /api/users
2022-10-08T19:56:27.193Z [Access log] info: /api/users
2022-10-08T19:56:36.560Z [Access log] info: /api/users/633e0d6f163f16ed4014a477
2022-10-09T20:33:49.358Z [Access log] info: /api/users/6334d59471ec8bf290efdf77
2022-10-09T20:34:47.365Z [Access log] info: /api/users/6334d59471ec8bf290efdf77
2022-10-09T20:36:25.912Z [Access log] info: /api/users/6334d59471ec8bf290efdf77
2022-10-09T20:37:08.897Z [Access log] info: /api/users/6334d59471ec8bf290efdf77
2022-10-09T20:37:53.309Z [Access log] info: /api/users/6334d59471ec8bf290efdf77
2022-10-09T20:41:33.801Z [Access log] info: /api/users/6334d59471ec8bf290efdf77
2022-10-09T20:42:57.648Z [Access log] info: /api/users/6334d59471ec8bf290efdf77
2022-10-09T20:43:41.538Z [Access log] info: /api/users/6334d59471ec8bf290efdf77
2022-10-09T20:48:28.091Z [Access log] info: /api/users/6334d59471ec8bf290efdf77
2022-10-09T20:49:23.948Z [Access log] info: /api/users/6334d59471ec8bf290efdf77
2022-10-09T20:49:31.630Z [Access log] info: /api/users/6334d59471ec8bf290efdf77
2022-10-09T20:57:37.965Z [Access log] info: /api/restaurants/63267b69a3ffaae0b01aee2e/foods/
2022-10-09T20:59:09.221Z [Access log] info: /api/restaurants/63267b69a3ffaae0b01aee2e/foods/632c86b4b4b4565222fdbe2f
2022-10-09T21:00:18.025Z [Access log] info: /api/restaurants/63267b69a3ffaae0b01aee2e/foods/6343361daea35cff3abb75a6
2022-10-09T21:26:07.264Z [Access log] info: /api/users/6335e024877dc1c4206a3636
2022-10-09T21:26:08.262Z [Access log] info: /api/users/6335e024877dc1c4206a3636
2022-10-09T21:26:16.068Z [Access log] info: /api/restaurants
2022-10-09T21:26:16.210Z [Access log] info: /api/restaurants
2022-10-09T21:26:25.298Z [Access log] info: /api/restaurants
2022-10-09T21:26:25.424Z [Access log] info: /api/restaurants
2022-10-09T21:26:34.353Z [Access log] info: /api/restaurants
2022-10-09T21:26:34.474Z [Access log] info: /api/restaurants
2022-10-09T21:31:04.120Z [Access log] info: /api/restaurants
2022-10-09T21:32:18.223Z [Access log] info: /api/restaurants
2022-10-09T21:32:39.097Z [Access log] info: /api/restaurants
2022-10-09T21:34:32.108Z [Access log] info: /api/restaurants
2022-10-09T21:34:42.109Z [Access log] info: /api/restaurants
2022-10-09T21:34:53.085Z [Access log] info: /api/restaurants
2022-10-09T21:35:12.322Z [Access log] info: /api/restaurants
2022-10-09T21:35:22.277Z [Access log] info: /api/restaurants
2022-10-09T21:36:10.888Z [Access log] info: /api/restaurants
2022-10-09T21:36:38.312Z [Access log] info: /api/restaurants
2022-10-09T21:37:19.230Z [Access log] info: /api/restaurants/63267b69a3ffaae0b01aee2e
2022-10-09T21:37:19.338Z [Access log] info: /api/restaurants/63267b69a3ffaae0b01aee2e
2022-10-09T21:39:03.456Z [Access log] info: /api/restaurants
2022-10-09T21:39:03.641Z [Access log] info: /api/restaurants
2022-10-09T21:44:33.458Z [Access log] info: /api/restaurants
2022-10-09T21:44:33.574Z [Access log] info: /api/restaurants
2022-10-09T21:44:37.241Z [Access log] info: /api/restaurants
2022-10-09T21:44:37.356Z [Access log] info: /api/restaurants
2022-10-09T21:45:41.863Z [Access log] info: /api/restaurants
2022-10-09T21:45:47.138Z [Access log] info: /api/restaurants
2022-10-09T21:45:47.144Z [Access log] info: /api/restaurants
2022-10-09T21:47:34.686Z [Access log] info: /api/users/6335e024877dc1c4206a3636
2022-10-09T21:47:35.761Z [Access log] info: /api/users/6335e024877dc1c4206a3636
2022-10-09T21:47:51.391Z [Access log] info: /api/restaurants
2022-10-09T21:47:51.519Z [Access log] info: /api/restaurants
2022-10-09T21:49:17.378Z [Access log] info: /api/restaurants
2022-10-09T21:49:24.008Z [Access log] info: /api/restaurants
2022-10-09T21:49:24.053Z [Access log] info: /api/restaurants
2022-10-09T21:50:59.454Z [Access log] info: /api/users/6335e024877dc1c4206a3636
2022-10-09T21:51:00.564Z [Access log] info: /api/users/6335e024877dc1c4206a3636
2022-10-09T21:51:12.872Z [Access log] info: /api/restaurants
2022-10-09T21:51:13.078Z [Access log] info: /api/restaurants
2022-10-09T21:55:13.776Z [Access log] info: /api/restaurants
2022-10-09T21:55:23.165Z [Access log] info: /api/restaurants
2022-10-09T21:55:23.188Z [Access log] info: /api/restaurants
2022-10-09T21:58:39.975Z [Access log] info: /api/restaurants
2022-10-09T22:00:58.193Z [Access log] info: /api/users/6335e024877dc1c4206a3636
2022-10-09T22:00:59.292Z [Access log] info: /api/users/6335e024877dc1c4206a3636
2022-10-09T22:01:11.710Z [Access log] info: /api/restaurants
2022-10-09T22:01:11.825Z [Access log] info: /api/restaurants
2022-10-09T22:01:23.356Z [Access log] info: /api/restaurants/6337f51edabcfd6a0b1f6c84
2022-10-09T22:01:32.593Z [Access log] info: /api/restaurants
2022-10-09T22:01:32.598Z [Access log] info: /api/restaurants
2022-10-09T22:01:46.065Z [Access log] info: /api/restaurants
2022-10-09T22:01:46.079Z [Access log] info: /api/restaurants
2022-10-09T22:02:52.911Z [Access log] info: /api/restaurants
2022-10-09T22:02:57.796Z [Access log] info: /api/restaurants
2022-10-09T22:03:05.661Z [Access log] info: /api/restaurants
2022-10-09T22:03:10.883Z [Access log] info: /api/restaurants
2022-10-09T22:03:10.948Z [Access log] info: /api/restaurants
2022-10-09T22:03:20.367Z [Access log] info: /api/restaurants/6339b7f02a394e7045ebf062
2022-10-09T22:04:20.010Z [Access log] info: /api/restaurants
2022-10-09T22:04:26.649Z [Access log] info: /api/restaurants/633dc470a8d21ccdd4daa8b2
2022-10-09T22:04:45.491Z [Access log] info: /api/restaurants/633dc470a8d21ccdd4daa8b2
2022-10-09T22:04:58.915Z [Access log] info: /api/restaurants
2022-10-09T22:04:58.931Z [Access log] info: /api/restaurants
2022-10-09T22:05:47.456Z [Access log] info: /api/users
2022-10-09T22:05:47.459Z [Access log] info: /api/users
2022-10-09T22:05:53.955Z [Access log] info: /api/users/63419ba199632154126cc48f
2022-10-09T22:07:16.456Z [Access log] info: /api/restaurants
2022-10-09T22:07:16.458Z [Access log] info: /api/restaurants
2022-10-09T22:08:35.673Z [Access log] info: /api/restaurants
2022-10-09T22:08:35.706Z [Access log] info: /api/restaurants
2022-10-09T22:08:46.113Z [Access log] info: /api/restaurants/6339b7f02a394e7045ebf062
2022-10-09T22:10:18.975Z [Access log] info: /api/restaurants
2022-10-09T22:10:19.118Z [Access log] info: /api/restaurants
2022-10-09T22:10:25.933Z [Access log] info: /api/restaurants
2022-10-09T22:10:26.109Z [Access log] info: /api/restaurants
2022-10-09T22:11:11.491Z [Access log] info: /api/restaurants
2022-10-09T22:11:11.534Z [Access log] info: /api/restaurants
2022-10-09T22:11:24.679Z [Access log] info: /api/restaurants/6339b7f02a394e7045ebf062
2022-10-09T22:11:29.294Z [Access log] info: /api/restaurants/6337f51edabcfd6a0b1f6c84
2022-10-09T22:11:33.558Z [Access log] info: /api/restaurants
2022-10-09T22:11:33.571Z [Access log] info: /api/restaurants
2022-10-09T22:12:10.205Z [Access log] info: /api/restaurants
2022-10-09T22:12:10.215Z [Access log] info: /api/restaurants
2022-10-09T22:12:17.060Z [Access log] info: /api/restaurants/63267b69a3ffaae0b01aee2e
2022-10-09T22:12:17.065Z [Access log] info: /api/restaurants/63267b69a3ffaae0b01aee2e
2022-10-10T02:37:30.136Z [Access log] info: /api/restaurants/63267b69a3ffaae0b01aee2e
2022-10-10T02:37:30.140Z [Access log] info: /api/restaurants/63267b69a3ffaae0b01aee2e
2022-10-10T02:38:46.080Z [Access log] info: /api/restaurants/63267b69a3ffaae0b01aee2e
2022-10-10T02:38:54.974Z [Access log] info: /api/restaurants/63267b69a3ffaae0b01aee2e
2022-10-10T02:38:54.977Z [Access log] info: /api/restaurants/63267b69a3ffaae0b01aee2e
2022-10-10T02:39:55.459Z [Access log] info: /api/restaurants/63267b69a3ffaae0b01aee2e
2022-10-10T02:40:08.823Z [Access log] info: /api/restaurants
2022-10-10T02:40:08.825Z [Access log] info: /api/restaurants
2022-10-10T02:40:15.921Z [Access log] info: /api/restaurants/6342618b17991f1bac4b9da0
2022-10-10T02:40:15.939Z [Access log] info: /api/restaurants/6342618b17991f1bac4b9da0
2022-10-10T02:41:00.912Z [Access log] info: /api/restaurants/6342618b17991f1bac4b9da0
2022-10-10T02:41:38.229Z [Access log] info: /api/restaurants/6342618b17991f1bac4b9da0
2022-10-10T02:51:37.201Z [Access log] info: /api/restaurants/6342618b17991f1bac4b9da0
2022-10-10T02:54:13.078Z [Access log] info: /api/restaurants/6342618b17991f1bac4b9da0
2022-10-10T02:54:31.087Z [Access log] info: /api/restaurants/6342618b17991f1bac4b9da0
2022-10-10T02:55:03.917Z [Access log] info: /api/restaurants/6342618b17991f1bac4b9da0
2022-10-10T02:56:10.344Z [Access log] info: /api/restaurants/6342618b17991f1bac4b9da0
2022-10-10T02:56:21.689Z [Access log] info: /api/restaurants/6342618b17991f1bac4b9da0
2022-10-10T02:56:21.692Z [Access log] info: /api/restaurants/6342618b17991f1bac4b9da0
2022-10-10T11:05:19.153Z [Access log] info: /api/users/6335e024877dc1c4206a3636
2022-10-10T11:05:19.918Z [Access log] info: /api/users/6335e024877dc1c4206a3636
2022-10-10T11:05:25.723Z [Access log] info: /api/restaurants
2022-10-10T11:05:25.850Z [Access log] info: /api/restaurants
2022-10-10T11:05:30.852Z [Access log] info: /api/restaurants
2022-10-10T11:05:30.969Z [Access log] info: /api/restaurants
2022-10-10T11:05:35.366Z [Access log] info: /api/restaurants/63267b69a3ffaae0b01aee2e
2022-10-10T11:05:35.472Z [Access log] info: /api/restaurants/63267b69a3ffaae0b01aee2e
2022-10-10T11:07:15.461Z [Access log] info: /api/restaurants/63267b69a3ffaae0b01aee2e
2022-10-10T11:09:47.068Z [Access log] info: /api/restaurants/63267b69a3ffaae0b01aee2e
2022-10-10T11:10:17.617Z [Access log] info: /api/restaurants/63267b69a3ffaae0b01aee2e
2022-10-10T11:11:46.513Z [Access log] info: /api/restaurants/63267b69a3ffaae0b01aee2e
2022-10-10T11:11:46.525Z [Access log] info: /api/restaurants/63267b69a3ffaae0b01aee2e
2022-10-10T11:12:36.628Z [Access log] info: /api/restaurants/63267b69a3ffaae0b01aee2e
2022-10-10T11:12:41.016Z [Access log] info: /api/restaurants/63267b69a3ffaae0b01aee2e
2022-10-10T11:12:41.043Z [Access log] info: /api/restaurants/63267b69a3ffaae0b01aee2e
2022-10-10T11:13:48.994Z [Access log] info: /api/restaurants/63267b69a3ffaae0b01aee2e
2022-10-10T11:13:48.998Z [Access log] info: /api/restaurants/63267b69a3ffaae0b01aee2e
2022-10-10T11:15:55.544Z [Access log] info: /api/restaurants/63267b69a3ffaae0b01aee2e
2022-10-10T11:15:55.552Z [Access log] info: /api/restaurants/63267b69a3ffaae0b01aee2e
2022-10-10T11:15:55.580Z [Access log] info: /api/restaurants/63267b69a3ffaae0b01aee2e
2022-10-10T11:15:55.637Z [Access log] info: /api/restaurants/63267b69a3ffaae0b01aee2e
2022-10-10T11:16:55.048Z [Access log] info: /api/restaurants
2022-10-10T11:16:55.052Z [Access log] info: /api/restaurants
2022-10-10T11:17:00.665Z [Access log] info: /api/restaurants/634198d099632154126cc487
2022-10-10T11:17:00.668Z [Access log] info: /api/restaurants/634198d099632154126cc487
2022-10-10T11:17:50.181Z [Access log] info: /api/restaurants/634198d099632154126cc487
2022-10-10T11:17:50.194Z [Access log] info: /api/restaurants/634198d099632154126cc487
2022-10-10T11:17:56.074Z [Access log] info: /api/restaurants/634198d099632154126cc487
2022-10-10T11:17:56.107Z [Access log] info: /api/restaurants/634198d099632154126cc487
2022-10-10T11:18:02.509Z [Access log] info: /api/restaurants
2022-10-10T11:18:02.513Z [Access log] info: /api/restaurants
2022-10-10T11:18:07.412Z [Access log] info: /api/restaurants/634198d099632154126cc487
2022-10-10T11:18:07.436Z [Access log] info: /api/restaurants/634198d099632154126cc487
2022-10-10T11:18:34.683Z [Access log] info: /api/restaurants/634198d099632154126cc487
2022-10-10T11:18:34.689Z [Access log] info: /api/restaurants/634198d099632154126cc487
2022-10-10T11:20:00.613Z [Access log] info: /api/restaurants/634198d099632154126cc487
2022-10-10T11:20:00.618Z [Access log] info: /api/restaurants/634198d099632154126cc487
2022-10-10T11:20:16.176Z [Access log] info: /api/restaurants/634198d099632154126cc487
2022-10-10T11:20:29.858Z [Access log] info: /api/restaurants/634198d099632154126cc487
2022-10-10T11:20:43.018Z [Access log] info: /api/restaurants
2022-10-10T11:20:43.022Z [Access log] info: /api/restaurants
2022-10-10T11:20:47.766Z [Access log] info: /api/restaurants/632bacc5a298c96850620e88
2022-10-10T11:20:47.771Z [Access log] info: /api/restaurants/632bacc5a298c96850620e88
2022-10-10T11:21:11.247Z [Access log] info: /api/restaurants/632bacc5a298c96850620e88
2022-10-10T11:21:23.525Z [Access log] info: /api/restaurants/632bacc5a298c96850620e88
2022-10-10T11:21:23.528Z [Access log] info: /api/restaurants/632bacc5a298c96850620e88
2022-10-10T11:23:06.028Z [Access log] info: /api/restaurants/632bacc5a298c96850620e88
2022-10-10T11:23:10.949Z [Access log] info: /api/restaurants/632bacc5a298c96850620e88
2022-10-10T11:23:10.972Z [Access log] info: /api/restaurants/632bacc5a298c96850620e88
2022-10-10T11:23:32.831Z [Access log] info: /api/restaurants
2022-10-10T11:23:32.834Z [Access log] info: /api/restaurants
2022-10-10T11:23:39.290Z [Access log] info: /api/restaurants/6341cd1599632154126cc725
2022-10-10T11:23:39.302Z [Access log] info: /api/restaurants/6341cd1599632154126cc725
2022-10-10T11:23:59.850Z [Access log] info: /api/restaurants/6341cd1599632154126cc725
2022-10-10T11:24:29.833Z [Access log] info: /api/restaurants/6341cd1599632154126cc725
2022-10-10T11:24:29.846Z [Access log] info: /api/restaurants/6341cd1599632154126cc725
2022-10-10T11:24:47.545Z [Access log] info: /api/restaurants/6341cd1599632154126cc725
2022-10-10T11:24:47.559Z [Access log] info: /api/restaurants/6341cd1599632154126cc725
2022-10-10T11:25:35.021Z [Access log] info: /api/restaurants/6341cd1599632154126cc725
2022-10-10T11:25:43.725Z [Access log] info: /api/restaurants/6341cd1599632154126cc725
2022-10-10T11:25:43.728Z [Access log] info: /api/restaurants/6341cd1599632154126cc725
2022-10-10T11:25:56.309Z [Access log] info: /api/restaurants/6341cd1599632154126cc725
2022-10-10T11:28:18.890Z [Access log] info: /api/restaurants/6341cd1599632154126cc725
2022-10-10T11:28:36.138Z [Access log] info: /api/restaurants/6341cd1599632154126cc725
2022-10-10T11:30:14.984Z [Access log] info: /api/restaurants/6341cd1599632154126cc725
2022-10-10T11:30:24.244Z [Access log] info: /api/restaurants/6341cd1599632154126cc725
2022-10-10T11:30:24.248Z [Access log] info: /api/restaurants/6341cd1599632154126cc725
2022-10-10T11:32:45.403Z [Access log] info: /api/restaurants/6341cd1599632154126cc725
2022-10-10T11:32:45.411Z [Access log] info: /api/restaurants/6341cd1599632154126cc725
2022-10-10T11:35:04.890Z [Access log] info: /api/restaurants/6341cd1599632154126cc725
2022-10-10T11:35:46.532Z [Access log] info: /api/restaurants/6341cd1599632154126cc725
2022-10-10T11:36:12.656Z [Access log] info: /api/restaurants/6341cd1599632154126cc725
2022-10-10T11:36:17.205Z [Access log] info: /api/restaurants/6341cd1599632154126cc725
2022-10-10T11:36:39.160Z [Access log] info: /api/restaurants/6341cd1599632154126cc725
2022-10-10T11:36:43.365Z [Access log] info: /api/restaurants/6341cd1599632154126cc725
2022-10-10T11:36:43.376Z [Access log] info: /api/restaurants/6341cd1599632154126cc725
2022-10-10T11:37:24.393Z [Access log] info: /api/restaurants/6341cd1599632154126cc725
2022-10-10T11:37:31.748Z [Access log] info: /api/restaurants/6341cd1599632154126cc725
2022-10-10T11:37:31.752Z [Access log] info: /api/restaurants/6341cd1599632154126cc725
2022-10-10T11:38:24.395Z [Access log] info: /api/restaurants/6341cd1599632154126cc725
2022-10-10T11:38:54.576Z [Access log] info: /api/restaurants/6341cd1599632154126cc725
2022-10-10T11:39:47.428Z [Access log] info: /api/restaurants/6341cd1599632154126cc725
2022-10-10T11:39:50.790Z [Access log] info: /api/restaurants/6341cd1599632154126cc725
2022-10-10T11:39:50.797Z [Access log] info: /api/restaurants/6341cd1599632154126cc725
2022-10-10T11:40:05.854Z [Access log] info: /api/restaurants/6341cd1599632154126cc725
2022-10-10T11:40:20.413Z [Access log] info: /api/restaurants/6341cd1599632154126cc725
2022-10-10T11:40:49.116Z [Access log] info: /api/restaurants/6341cd1599632154126cc725
2022-10-10T11:40:53.204Z [Access log] info: /api/restaurants/6341cd1599632154126cc725
2022-10-10T11:40:53.207Z [Access log] info: /api/restaurants/6341cd1599632154126cc725
2022-10-10T11:41:04.313Z [Access log] info: /api/restaurants/6341cd1599632154126cc725
2022-10-10T11:41:14.745Z [Access log] info: /api/restaurants/6341cd1599632154126cc725
2022-10-10T11:41:14.748Z [Access log] info: /api/restaurants/6341cd1599632154126cc725
2022-10-10T11:41:54.086Z [Access log] info: /api/restaurants/6341cd1599632154126cc725
2022-10-10T11:42:06.979Z [Access log] info: /api/restaurants/6341cd1599632154126cc725
2022-10-10T11:42:07.018Z [Access log] info: /api/restaurants/6341cd1599632154126cc725
2022-10-10T11:42:19.001Z [Access log] info: /api/restaurants/6341cd1599632154126cc725
2022-10-10T11:42:29.130Z [Access log] info: /api/restaurants/6341cd1599632154126cc725
2022-10-10T11:42:29.133Z [Access log] info: /api/restaurants/6341cd1599632154126cc725
2022-10-10T11:43:21.677Z [Access log] info: /api/restaurants/6341cd1599632154126cc725
2022-10-10T11:43:50.296Z [Access log] info: /api/restaurants/6341cd1599632154126cc725
2022-10-10T11:44:08.033Z [Access log] info: /api/restaurants/6341cd1599632154126cc725
2022-10-10T11:50:47.870Z [Access log] info: /api/restaurants/6341cd1599632154126cc725
2022-10-10T11:51:00.343Z [Access log] info: /api/restaurants/6341cd1599632154126cc725
2022-10-10T11:51:00.355Z [Access log] info: /api/restaurants/6341cd1599632154126cc725
2022-10-10T11:51:09.036Z [Access log] info: /api/restaurants/6341cd1599632154126cc725
2022-10-10T11:51:15.406Z [Access log] info: /api/restaurants/6341cd1599632154126cc725
2022-10-10T11:51:15.416Z [Access log] info: /api/restaurants/6341cd1599632154126cc725
2022-10-10T11:51:30.614Z [Access log] info: /api/restaurants/6341cd1599632154126cc725
2022-10-10T11:51:40.196Z [Access log] info: /api/restaurants/6341cd1599632154126cc725
2022-10-10T11:51:43.274Z [Access log] info: /api/restaurants/6341cd1599632154126cc725
2022-10-10T11:51:43.288Z [Access log] info: /api/restaurants/6341cd1599632154126cc725
2022-10-10T11:51:44.133Z [Access log] info: /api/restaurants/6341cd1599632154126cc725
2022-10-10T11:51:46.258Z [Access log] info: /api/restaurants/6341cd1599632154126cc725
2022-10-10T11:51:46.393Z [Access log] info: /api/restaurants/6341cd1599632154126cc725
2022-10-10T11:51:47.927Z [Access log] info: /api/restaurants/6341cd1599632154126cc725
2022-10-10T11:51:48.070Z [Access log] info: /api/restaurants/6341cd1599632154126cc725
2022-10-10T11:51:49.365Z [Access log] info: /api/restaurants/6341cd1599632154126cc725
2022-10-10T11:51:49.508Z [Access log] info: /api/restaurants/6341cd1599632154126cc725
2022-10-10T11:51:59.790Z [Access log] info: /api/restaurants/6341cd1599632154126cc725
2022-10-10T11:52:52.435Z [Access log] info: /api/restaurants/6341cd1599632154126cc725
2022-10-10T11:53:02.660Z [Access log] info: /api/restaurants/6341cd1599632154126cc725
2022-10-10T11:53:07.435Z [Access log] info: /api/restaurants/6341cd1599632154126cc725
2022-10-10T11:53:07.460Z [Access log] info: /api/restaurants/6341cd1599632154126cc725
2022-10-10T11:53:17.751Z [Access log] info: /api/restaurants/6341cd1599632154126cc725
2022-10-10T11:54:09.929Z [Access log] info: /api/restaurants/6341cd1599632154126cc725
2022-10-10T11:54:15.259Z [Access log] info: /api/restaurants/6341cd1599632154126cc725
2022-10-10T11:55:03.899Z [Access log] info: /api/restaurants/6341cd1599632154126cc725
2022-10-10T11:55:13.678Z [Access log] info: /api/restaurants/6341cd1599632154126cc725
2022-10-10T11:55:17.100Z [Access log] info: /api/restaurants/6341cd1599632154126cc725
2022-10-10T11:55:28.053Z [Access log] info: /api/restaurants/6341cd1599632154126cc725
2022-10-10T11:55:28.057Z [Access log] info: /api/restaurants/6341cd1599632154126cc725
2022-10-10T12:00:08.932Z [Access log] info: /api/restaurants/6341cd1599632154126cc725
2022-10-10T12:00:08.934Z [Access log] info: /api/restaurants/6341cd1599632154126cc725
2022-10-10T12:00:14.980Z [Access log] info: /api/restaurants/6341cd1599632154126cc725
2022-10-10T12:03:40.161Z [Access log] info: /api/restaurants/6341cd1599632154126cc725/foods
2022-10-10T12:05:29.186Z [Access log] info: /api/restaurants/6341cd1599632154126cc725
2022-10-10T12:06:25.854Z [Access log] info: /api/restaurants/6341cd1599632154126cc725
2022-10-10T12:06:25.883Z [Access log] info: /api/restaurants/6341cd1599632154126cc725
2022-10-10T12:09:59.971Z [Access log] info: /api/restaurants/6341cd1599632154126cc725
2022-10-10T12:09:59.994Z [Access log] info: /api/restaurants/6341cd1599632154126cc725
2022-10-10T12:10:34.912Z [Access log] info: /api/restaurants/6341cd1599632154126cc725
2022-10-10T12:10:34.915Z [Access log] info: /api/restaurants/6341cd1599632154126cc725
2022-10-10T12:11:42.782Z [Access log] info: /api/restaurants/6341cd1599632154126cc725
2022-10-10T12:11:42.808Z [Access log] info: /api/restaurants/6341cd1599632154126cc725
2022-10-10T12:13:42.243Z [Access log] info: /api/auth/login
2022-10-10T12:13:59.263Z [Access log] info: /api/users/6335e024877dc1c4206a3636
2022-10-10T12:14:00.273Z [Access log] info: /api/users/6335e024877dc1c4206a3636
2022-10-10T12:14:06.950Z [Access log] info: /api/restaurants
2022-10-10T12:14:06.953Z [Access log] info: /api/restaurants
2022-10-10T12:14:14.075Z [Access log] info: /api/restaurants
2022-10-10T12:14:14.077Z [Access log] info: /api/restaurants
2022-10-10T12:14:20.530Z [Access log] info: /api/restaurants/6341cd1599632154126cc725
2022-10-10T12:14:20.534Z [Access log] info: /api/restaurants/6341cd1599632154126cc725
2022-10-10T12:14:31.691Z [Access log] info: /api/restaurants/6341cd1599632154126cc725
2022-10-10T12:14:59.655Z [Access log] info: /api/restaurants/6341cd1599632154126cc725
2022-10-10T12:15:37.821Z [Access log] info: /api/restaurants/6341cd1599632154126cc725/foods
2022-10-10T12:16:52.676Z [Access log] info: /api/restaurants/6341cd1599632154126cc725/foods
2022-10-10T12:17:29.313Z [Access log] info: /api/restaurants/6341cd1599632154126cc725
2022-10-10T12:17:29.322Z [Access log] info: /api/restaurants/6341cd1599632154126cc725
2022-10-10T12:22:06.458Z [Access log] info: /api/users/6335e024877dc1c4206a3636
2022-10-10T12:22:07.261Z [Access log] info: /api/users/6335e024877dc1c4206a3636
2022-10-10T12:22:12.962Z [Access log] info: /api/restaurants
2022-10-10T12:22:13.178Z [Access log] info: /api/restaurants
2022-10-10T12:22:33.100Z [Access log] info: /api/restaurants
2022-10-10T12:22:33.212Z [Access log] info: /api/restaurants
2022-10-10T12:22:36.511Z [Access log] info: /api/restaurants/6341cd1599632154126cc725
2022-10-10T12:22:36.630Z [Access log] info: /api/restaurants/6341cd1599632154126cc725
2022-10-10T12:22:55.356Z [Access log] info: /api/restaurants/6341cd1599632154126cc725
2022-10-10T12:22:59.820Z [Access log] info: /api/restaurants/6341cd1599632154126cc725
2022-10-10T12:22:59.947Z [Access log] info: /api/restaurants/6341cd1599632154126cc725
2022-10-10T12:23:13.625Z [Access log] info: /api/restaurants/6341cd1599632154126cc725
2022-10-10T12:23:16.861Z [Access log] info: /api/restaurants/6341cd1599632154126cc725
2022-10-10T12:23:16.970Z [Access log] info: /api/restaurants/6341cd1599632154126cc725
2022-10-10T12:23:19.436Z [Access log] info: /api/restaurants/6341cd1599632154126cc725
2022-10-10T12:23:19.534Z [Access log] info: /api/restaurants/6341cd1599632154126cc725
2022-10-10T12:35:03.656Z [Access log] info: /api/restaurants/6341cd1599632154126cc725
2022-10-10T12:36:12.293Z [Access log] info: /api/restaurants/6341cd1599632154126cc725
2022-10-10T12:36:16.470Z [Access log] info: /api/restaurants/6341cd1599632154126cc725
2022-10-10T12:36:16.513Z [Access log] info: /api/restaurants/6341cd1599632154126cc725
2022-10-10T12:36:21.996Z [Access log] info: /api/restaurants/6341cd1599632154126cc725
2022-10-10T12:36:27.536Z [Access log] info: /api/restaurants/6341cd1599632154126cc725
2022-10-10T12:36:27.560Z [Access log] info: /api/restaurants/6341cd1599632154126cc725
2022-10-10T12:36:39.647Z [Access log] info: /api/restaurants/6341cd1599632154126cc725
2022-10-10T12:36:43.089Z [Access log] info: /api/restaurants/6341cd1599632154126cc725
2022-10-10T12:36:46.967Z [Access log] info: /api/restaurants/6341cd1599632154126cc725
2022-10-10T12:36:46.973Z [Access log] info: /api/restaurants/6341cd1599632154126cc725
2022-10-10T12:36:50.780Z [Access log] info: /api/restaurants
2022-10-10T12:36:50.783Z [Access log] info: /api/restaurants
2022-10-10T12:36:55.912Z [Access log] info: /api/restaurants/63267b69a3ffaae0b01aee2e
2022-10-10T12:36:55.914Z [Access log] info: /api/restaurants/63267b69a3ffaae0b01aee2e
2022-10-10T12:37:14.724Z [Access log] info: /api/restaurants/63267b69a3ffaae0b01aee2e
2022-10-10T12:37:18.674Z [Access log] info: /api/restaurants/63267b69a3ffaae0b01aee2e
2022-10-10T12:37:18.677Z [Access log] info: /api/restaurants/63267b69a3ffaae0b01aee2e
2022-10-10T12:37:28.710Z [Access log] info: /api/restaurants
2022-10-10T12:37:28.713Z [Access log] info: /api/restaurants
2022-10-10T12:37:35.548Z [Access log] info: /api/restaurants/6341cd1599632154126cc725
2022-10-10T12:37:35.574Z [Access log] info: /api/restaurants/6341cd1599632154126cc725
2022-10-10T12:37:47.605Z [Access log] info: /api/restaurants/6341cd1599632154126cc725
2022-10-10T12:38:06.271Z [Access log] info: /api/restaurants/6341cd1599632154126cc725/foods
2022-10-10T12:39:25.705Z [Access log] info: /api/restaurants/6341cd1599632154126cc725
2022-10-10T12:39:25.714Z [Access log] info: /api/restaurants/6341cd1599632154126cc725
2022-10-10T12:39:49.587Z [Access log] info: /api/restaurants/6341cd1599632154126cc725/foods
2022-10-10T12:41:40.406Z [Access log] info: /api/restaurants/6341cd1599632154126cc725/foods
2022-10-10T12:42:14.133Z [Access log] info: /api/restaurants/6341cd1599632154126cc725
2022-10-10T12:50:35.041Z [Access log] info: /api/restaurants/6341cd1599632154126cc725
2022-10-10T12:50:56.130Z [Access log] info: /api/restaurants/6341cd1599632154126cc725
2022-10-10T12:52:12.012Z [Access log] info: /api/restaurants/6341cd1599632154126cc725
2022-10-10T12:52:12.024Z [Access log] info: /api/restaurants/6341cd1599632154126cc725
2022-10-10T12:52:21.180Z [Access log] info: /api/restaurants/6341cd1599632154126cc725
2022-10-10T12:52:35.062Z [Access log] info: /api/restaurants/6341cd1599632154126cc725/foods/634413046b19df99d6e3dc2d
2022-10-10T12:52:42.205Z [Access log] info: /api/restaurants/6341cd1599632154126cc725
2022-10-10T12:52:42.217Z [Access log] info: /api/restaurants/6341cd1599632154126cc725
2022-10-10T12:52:46.116Z [Access log] info: /api/restaurants/6341cd1599632154126cc725
2022-10-10T12:52:53.816Z [Access log] info: /api/restaurants/6341cd1599632154126cc725/foods/634412956b19df99d6e3dc28
2022-10-10T12:52:56.369Z [Access log] info: /api/restaurants/6341cd1599632154126cc725
2022-10-10T12:53:08.766Z [Access log] info: /api/restaurants/6341cd1599632154126cc725/foods/634415a56b19df99d6e3dc54
2022-10-10T12:53:12.774Z [Access log] info: /api/restaurants/6341cd1599632154126cc725
2022-10-10T12:53:12.777Z [Access log] info: /api/restaurants/6341cd1599632154126cc725
2022-10-10T12:53:17.625Z [Access log] info: /api/restaurants/6341cd1599632154126cc725
2022-10-10T12:53:20.575Z [Access log] info: /api/restaurants/6341cd1599632154126cc725/foods/634415b46b19df99d6e3dc5d
2022-10-10T12:53:26.304Z [Access log] info: /api/restaurants/6341cd1599632154126cc725
2022-10-10T12:53:26.324Z [Access log] info: /api/restaurants/6341cd1599632154126cc725
2022-10-10T12:53:32.699Z [Access log] info: /api/restaurants
2022-10-10T12:53:32.721Z [Access log] info: /api/restaurants
2022-10-10T13:33:24.680Z [Access log] info: /api/restaurants
2022-10-10T13:33:47.792Z [Access log] info: /api/restaurants
2022-10-10T13:33:47.795Z [Access log] info: /api/restaurants
2022-10-10T13:33:53.276Z [Access log] info: /api/restaurants
2022-10-10T13:33:53.291Z [Access log] info: /api/restaurants
2022-10-10T13:34:45.625Z [Access log] info: /api/restaurants
2022-10-10T13:34:51.728Z [Access log] info: /api/restaurants
2022-10-10T13:34:51.740Z [Access log] info: /api/restaurants
2022-10-10T13:34:59.477Z [Access log] info: /api/restaurants
2022-10-10T13:34:59.483Z [Access log] info: /api/restaurants
2022-10-10T13:35:29.062Z [Access log] info: /api/restaurants
2022-10-10T13:35:29.076Z [Access log] info: /api/restaurants
2022-10-10T13:36:29.919Z [Access log] info: /api/restaurants
2022-10-10T13:36:29.923Z [Access log] info: /api/restaurants
2022-10-10T13:36:52.247Z [Access log] info: /api/restaurants
2022-10-10T13:36:52.248Z [Access log] info: /api/restaurants
2022-10-10T13:36:55.718Z [Access log] info: /api/restaurants/63267b69a3ffaae0b01aee2e
2022-10-10T13:36:55.720Z [Access log] info: /api/restaurants/63267b69a3ffaae0b01aee2e
2022-10-10T13:36:59.193Z [Access log] info: /api/restaurants/63267b69a3ffaae0b01aee2e
2022-10-10T13:38:48.925Z [Access log] info: /api/users/6335e024877dc1c4206a3636
2022-10-10T13:38:49.335Z [Access log] info: /api/users/6335e024877dc1c4206a3636
2022-10-10T13:38:55.795Z [Access log] info: /api/restaurants
2022-10-10T13:38:55.803Z [Access log] info: /api/restaurants
2022-10-10T13:39:01.978Z [Access log] info: /api/restaurants
2022-10-10T13:39:01.981Z [Access log] info: /api/restaurants
2022-10-10T13:39:05.580Z [Access log] info: /api/restaurants/63267b69a3ffaae0b01aee2e
2022-10-10T13:39:05.581Z [Access log] info: /api/restaurants/63267b69a3ffaae0b01aee2e
2022-10-10T13:39:07.792Z [Access log] info: /api/restaurants/63267b69a3ffaae0b01aee2e
2022-10-10T13:40:10.040Z [Access log] info: /api/restaurants/63267b69a3ffaae0b01aee2e/foods/63433662aea35cff3abb75ae
2022-10-10T13:40:56.851Z [Access log] info: /api/restaurants/63267b69a3ffaae0b01aee2e
2022-10-10T13:41:06.693Z [Access log] info: /api/restaurants/63267b69a3ffaae0b01aee2e/foods/632c86e2b4b4565222fdbe30
2022-10-10T13:41:10.710Z [Access log] info: /api/restaurants/63267b69a3ffaae0b01aee2e
2022-10-10T13:41:36.432Z [Access log] info: /api/restaurants/63267b69a3ffaae0b01aee2e
2022-10-10T13:41:58.455Z [Access log] info: /api/restaurants/63267b69a3ffaae0b01aee2e/foods/632c86efb4b4565222fdbe31
2022-10-10T13:42:03.854Z [Access log] info: /api/restaurants/63267b69a3ffaae0b01aee2e
2022-10-10T13:42:03.865Z [Access log] info: /api/restaurants/63267b69a3ffaae0b01aee2e
2022-10-10T13:42:22.172Z [Access log] info: /api/restaurants
2022-10-10T13:42:22.174Z [Access log] info: /api/restaurants
2022-10-10T13:42:45.726Z [Access log] info: /api/restaurants
2022-10-10T13:42:45.729Z [Access log] info: /api/restaurants
2022-10-10T13:42:51.203Z [Access log] info: /api/restaurants/632bacc5a298c96850620e88
2022-10-10T13:42:51.205Z [Access log] info: /api/restaurants/632bacc5a298c96850620e88
2022-10-10T13:43:12.840Z [Access log] info: /api/restaurants/632bacc5a298c96850620e88
2022-10-10T13:43:37.917Z [Access log] info: /api/restaurants/632bacc5a298c96850620e88
2022-10-10T13:44:08.330Z [Access log] info: /api/restaurants
2022-10-10T13:44:08.332Z [Access log] info: /api/restaurants
2022-10-10T13:44:11.700Z [Access log] info: /api/restaurants/632bacc5a298c96850620e88
2022-10-10T13:44:11.724Z [Access log] info: /api/restaurants/632bacc5a298c96850620e88
2022-10-10T13:44:15.357Z [Access log] info: /api/restaurants/632bacc5a298c96850620e88
2022-10-10T13:44:22.482Z [Access log] info: /api/restaurants/632bacc5a298c96850620e88/foods/632c834c2ea0d5829a9aed99
2022-10-10T13:44:41.570Z [Access log] info: /api/users/6335e024877dc1c4206a3636
2022-10-10T13:44:41.943Z [Access log] info: /api/users/6335e024877dc1c4206a3636
2022-10-10T13:44:43.527Z [Access log] info: /api/restaurants
2022-10-10T13:44:43.648Z [Access log] info: /api/restaurants
2022-10-10T13:45:01.719Z [Access log] info: /api/restaurants
2022-10-10T13:45:01.721Z [Access log] info: /api/restaurants
2022-10-10T13:45:04.964Z [Access log] info: /api/restaurants/633dc470a8d21ccdd4daa8b2
2022-10-10T13:45:04.981Z [Access log] info: /api/restaurants/633dc470a8d21ccdd4daa8b2
2022-10-10T13:45:08.584Z [Access log] info: /api/restaurants/633dc470a8d21ccdd4daa8b2
2022-10-10T13:45:49.713Z [Access log] info: /api/restaurants/633dc470a8d21ccdd4daa8b2/foods/633dfe8c163f16ed4014a400
2022-10-10T13:45:54.551Z [Access log] info: /api/restaurants
2022-10-10T13:45:54.553Z [Access log] info: /api/restaurants
2022-10-10T13:45:58.866Z [Access log] info: /api/restaurants/634198d099632154126cc487
2022-10-10T13:45:58.869Z [Access log] info: /api/restaurants/634198d099632154126cc487
2022-10-10T13:46:03.170Z [Access log] info: /api/restaurants
2022-10-10T13:46:03.177Z [Access log] info: /api/restaurants
2022-10-10T13:46:07.676Z [Access log] info: /api/restaurants/6342618b17991f1bac4b9da0
2022-10-10T13:46:07.686Z [Access log] info: /api/restaurants/6342618b17991f1bac4b9da0
2022-10-10T13:46:12.215Z [Access log] info: /api/restaurants/6342618b17991f1bac4b9da0/foods
2022-10-10T13:46:25.387Z [Access log] info: /api/restaurants
2022-10-10T13:46:25.580Z [Access log] info: /api/restaurants
2022-10-10T13:46:32.715Z [Access log] info: /api/restaurants
2022-10-10T13:46:32.957Z [Access log] info: /api/restaurants
2022-10-10T13:46:42.608Z [Access log] info: /api/restaurants
2022-10-10T13:46:42.778Z [Access log] info: /api/restaurants
2022-10-10T13:46:47.554Z [Access log] info: /api/restaurants
2022-10-10T13:46:48.173Z [Access log] info: /api/restaurants
2022-10-10T13:47:29.892Z [Access log] info: /api/restaurants
2022-10-10T13:47:30.043Z [Access log] info: /api/restaurants
2022-10-10T13:47:31.497Z [Access log] info: /api/restaurants
2022-10-10T13:47:31.634Z [Access log] info: /api/restaurants
2022-10-10T13:47:55.132Z [Access log] info: /api/users
2022-10-10T13:47:55.909Z [Access log] info: /api/users
2022-10-10T13:48:00.197Z [Access log] info: /api/users/6334d5ab71ec8bf290efdf7b
2022-10-10T13:49:29.326Z [Access log] info: /api/users
2022-10-10T13:49:50.788Z [Access log] info: /api/users
2022-10-10T13:55:03.250Z [Access log] info: /api/users/6335e024877dc1c4206a3636
2022-10-10T13:55:04.055Z [Access log] info: /api/users/6335e024877dc1c4206a3636
2022-10-10T13:55:08.544Z [Access log] info: /api/restaurants
2022-10-10T13:55:08.796Z [Access log] info: /api/restaurants
2022-10-10T13:55:35.704Z [Access log] info: /api/users/6335e024877dc1c4206a3636/cart
2022-10-10T13:55:50.619Z [Access log] info: /api/users/6335e024877dc1c4206a3636/cart
2022-10-10T13:57:16.689Z [Access log] info: /api/restaurants
2022-10-10T13:57:17.338Z [Access log] info: /api/restaurants
2022-10-10T14:09:47.870Z [Access log] info: /api/users/6335e024877dc1c4206a3636
2022-10-10T14:09:48.643Z [Access log] info: /api/users/6335e024877dc1c4206a3636
2022-10-10T14:09:54.274Z [Access log] info: /api/restaurants
2022-10-10T14:09:54.544Z [Access log] info: /api/restaurants
2022-10-10T14:11:39.798Z [Access log] info: /api/restaurants
2022-10-10T14:11:39.803Z [Access log] info: /api/restaurants
2022-10-10T14:15:31.815Z [Access log] info: /api/restaurants
2022-10-10T14:15:31.818Z [Access log] info: /api/restaurants
2022-10-10T15:00:47.314Z [Access log] info: /api/restaurants/6339b7f02a394e7045ebf062
2022-10-10T15:00:47.317Z [Access log] info: /api/restaurants/6339b7f02a394e7045ebf062
2022-10-10T15:04:28.210Z [Access log] info: /api/restaurants
2022-10-10T15:04:28.213Z [Access log] info: /api/restaurants
2022-10-10T15:05:26.917Z [Access log] info: /api/restaurants
2022-10-10T15:05:26.931Z [Access log] info: /api/restaurants
2022-10-10T15:10:47.829Z [Access log] info: /api/restaurants
2022-10-10T15:10:47.831Z [Access log] info: /api/restaurants
2022-10-10T15:10:52.344Z [Access log] info: /api/restaurants
2022-10-10T15:10:52.358Z [Access log] info: /api/restaurants
2022-10-10T15:13:28.036Z [Access log] info: /api/restaurants
2022-10-10T15:13:51.517Z [Access log] info: /api/restaurants
2022-10-10T15:15:51.177Z [Access log] info: /api/restaurants
2022-10-10T15:15:51.181Z [Access log] info: /api/restaurants
2022-10-10T15:16:06.831Z [Access log] info: /api/restaurants
2022-10-10T15:16:06.845Z [Access log] info: /api/restaurants
2022-10-10T15:16:50.224Z [Access log] info: /api/restaurants
2022-10-10T15:16:50.229Z [Access log] info: /api/restaurants
2022-10-10T15:17:57.017Z [Access log] info: /api/restaurants
2022-10-10T15:17:57.035Z [Access log] info: /api/restaurants
2022-10-10T15:29:00.253Z [Access log] info: /api/restaurants
2022-10-10T15:29:00.260Z [Access log] info: /api/restaurants
2022-10-10T15:30:22.824Z [Access log] info: /api/users/6335e024877dc1c4206a3636
2022-10-10T15:30:23.475Z [Access log] info: /api/users/6335e024877dc1c4206a3636
2022-10-10T15:30:27.365Z [Access log] info: /api/restaurants
2022-10-10T15:30:27.385Z [Access log] info: /api/restaurants
2022-10-10T15:30:33.547Z [Access log] info: /api/restaurants/63267b69a3ffaae0b01aee2e/foods/634420f26b19df99d6e3de01
2022-10-10T15:30:39.110Z [Access log] info: /api/restaurants
2022-10-10T15:30:39.135Z [Access log] info: /api/restaurants
2022-10-10T15:30:45.136Z [Access log] info: /api/restaurants/63267b69a3ffaae0b01aee2e/foods/634421266b19df99d6e3de10
2022-10-10T15:30:55.358Z [Access log] info: /api/restaurants
2022-10-10T15:30:55.361Z [Access log] info: /api/restaurants
2022-10-10T15:31:03.030Z [Access log] info: /api/restaurants/6341cd1599632154126cc725/foods/634415c06b19df99d6e3dc6c
2022-10-10T15:31:06.150Z [Access log] info: /api/restaurants
2022-10-10T15:31:06.155Z [Access log] info: /api/restaurants
2022-10-10T15:31:12.806Z [Access log] info: /api/restaurants/6341cd1599632154126cc725/foods/63443ab76b19df99d6e3e272
2022-10-10T15:31:17.077Z [Access log] info: /api/restaurants
2022-10-10T15:31:17.081Z [Access log] info: /api/restaurants
2022-10-10T15:31:42.615Z [Access log] info: /api/restaurants/6337f51edabcfd6a0b1f6c84/foods/6337f51edabcfd6a0b1f6c86
2022-10-10T15:32:13.395Z [Access log] info: /api/restaurants
2022-10-10T15:32:13.399Z [Access log] info: /api/restaurants
2022-10-10T15:32:18.156Z [Access log] info: /api/restaurants/63267b69a3ffaae0b01aee2e/foods/63443aa56b19df99d6e3e24c
2022-10-10T15:32:58.418Z [Access log] info: /api/restaurants
2022-10-10T15:39:14.995Z [Access log] info: /api/users/6335e024877dc1c4206a3636
2022-10-10T15:39:15.990Z [Access log] info: /api/users/6335e024877dc1c4206a3636
2022-10-10T15:39:18.600Z [Access log] info: /api/restaurants
2022-10-10T15:39:18.950Z [Access log] info: /api/restaurants
2022-10-10T15:39:23.221Z [Access log] info: /api/restaurants/63267b69a3ffaae0b01aee2e/foods/63443b026b19df99d6e3e2e7
2022-10-10T15:39:26.314Z [Access log] info: /api/restaurants
2022-10-10T15:39:26.434Z [Access log] info: /api/restaurants
2022-10-10T15:39:31.232Z [Access log] info: /api/restaurants
2022-10-10T15:39:31.433Z [Access log] info: /api/restaurants
2022-10-10T15:40:05.806Z [Access log] info: /api/restaurants/6337f51edabcfd6a0b1f6c84/foods/6337f5b1612c4d158a2aafc8
2022-10-10T15:40:09.566Z [Access log] info: /api/restaurants/6339b7f02a394e7045ebf062/foods/6339b7f02a394e7045ebf064
2022-10-10T15:40:55.215Z [Access log] info: /api/restaurants/632bacc5a298c96850620e88/foods/634421b66b19df99d6e3de8b
2022-10-10T15:41:52.398Z [Access log] info: /api/restaurants/6341cd1599632154126cc725/foods/63443ac06b19df99d6e3e298
2022-10-10T15:44:13.346Z [Access log] info: /api/restaurants
2022-10-10T15:44:13.354Z [Access log] info: /api/restaurants
2022-10-10T15:44:18.972Z [Access log] info: /api/restaurants/6341cd1599632154126cc725/foods/63443d406b19df99d6e3e37c
2022-10-10T15:44:39.471Z [Access log] info: /api/restaurants
2022-10-10T15:44:39.478Z [Access log] info: /api/restaurants
2022-10-10T15:45:19.481Z [Access log] info: /api/restaurants
2022-10-10T15:45:19.485Z [Access log] info: /api/restaurants
2022-10-10T15:45:30.412Z [Access log] info: /api/restaurants
2022-10-10T15:45:30.442Z [Access log] info: /api/restaurants
2022-10-10T15:46:14.786Z [Access log] info: /api/restaurants
2022-10-10T15:46:14.806Z [Access log] info: /api/restaurants
2022-10-10T15:46:19.503Z [Access log] info: /api/restaurants
2022-10-10T15:46:19.511Z [Access log] info: /api/restaurants
2022-10-10T15:47:08.147Z [Access log] info: /api/restaurants
2022-10-10T15:47:08.151Z [Access log] info: /api/restaurants
2022-10-10T15:47:16.747Z [Access log] info: /api/restaurants/63267b69a3ffaae0b01aee2e/foods/63443cab6b19df99d6e3e323
2022-10-10T15:47:18.422Z [Access log] info: /api/restaurants/63267b69a3ffaae0b01aee2e/foods/63443cab6b19df99d6e3e323
2022-10-10T15:47:52.817Z [Access log] info: /api/restaurants
2022-10-10T15:47:52.854Z [Access log] info: /api/restaurants
2022-10-10T15:48:38.068Z [Access log] info: /api/restaurants
2022-10-10T15:48:38.108Z [Access log] info: /api/restaurants
2022-10-10T15:49:32.776Z [Access log] info: /api/restaurants
2022-10-10T15:49:32.783Z [Access log] info: /api/restaurants
2022-10-10T15:49:50.581Z [Access log] info: /api/restaurants/632bacc5a298c96850620e88/foods/63443d076b19df99d6e3e376
2022-10-10T15:49:56.690Z [Access log] info: /api/restaurants
2022-10-10T15:49:56.695Z [Access log] info: /api/restaurants
2022-10-10T15:50:46.144Z [Access log] info: /api/restaurants
2022-10-10T15:50:46.164Z [Access log] info: /api/restaurants
2022-10-10T15:52:01.986Z [Access log] info: /api/restaurants
2022-10-10T15:52:01.999Z [Access log] info: /api/restaurants
2022-10-10T15:52:06.177Z [Access log] info: /api/restaurants
2022-10-10T15:52:06.251Z [Access log] info: /api/restaurants
2022-10-10T16:02:20.654Z [Access log] info: /api/restaurants
2022-10-10T16:02:20.677Z [Access log] info: /api/restaurants
2022-10-10T16:06:31.463Z [Access log] info: /api/restaurants
2022-10-10T16:06:31.469Z [Access log] info: /api/restaurants
2022-10-10T16:06:40.583Z [Access log] info: /api/restaurants/undefined
2022-10-10T16:12:29.073Z [Access log] info: /api/users/6335e024877dc1c4206a3636
2022-10-10T16:12:29.863Z [Access log] info: /api/users/6335e024877dc1c4206a3636
2022-10-10T16:12:36.493Z [Access log] info: /api/restaurants
2022-10-10T16:12:36.746Z [Access log] info: /api/restaurants
2022-10-10T16:12:42.252Z [Access log] info: /api/restaurants/632bacc5a298c96850620e88/foods/63443f1e6b19df99d6e3e4d3
2022-10-10T16:12:44.084Z [Access log] info: /api/restaurants
2022-10-10T16:12:44.403Z [Access log] info: /api/restaurants
2022-10-10T16:12:50.323Z [Access log] info: /api/restaurants/632bacc5a298c96850620e88/foods/6344447a2aa26a05248eeaf4
2022-10-10T16:12:52.139Z [Access log] info: /api/restaurants
2022-10-10T16:12:52.340Z [Access log] info: /api/restaurants
2022-10-10T16:13:00.107Z [Access log] info: /api/restaurants
2022-10-10T16:13:00.330Z [Access log] info: /api/restaurants
2022-10-10T16:13:06.977Z [Access log] info: /api/restaurants/undefined
2022-10-10T16:15:47.776Z [Access log] info: /api/restaurants
2022-10-10T16:15:47.798Z [Access log] info: /api/restaurants
2022-10-10T16:15:58.459Z [Access log] info: /api/restaurants/undefined
2022-10-10T16:18:10.403Z [Access log] info: /api/restaurants/undefined
2022-10-10T16:19:03.754Z [Access log] info: /api/restaurants
2022-10-10T16:19:03.771Z [Access log] info: /api/restaurants
2022-10-10T16:19:15.328Z [Access log] info: /api/restaurants/634198d099632154126cc487
2022-10-10T16:19:33.452Z [Access log] info: /api/restaurants
2022-10-10T16:19:33.462Z [Access log] info: /api/restaurants
2022-10-10T16:19:41.073Z [Access log] info: /api/restaurants/632bacc5a298c96850620e88
2022-10-10T16:19:45.602Z [Access log] info: /api/restaurants
2022-10-10T16:19:45.608Z [Access log] info: /api/restaurants
